GET /api/v1/blockchain/ - 2024-05-03 14:14:31
GET /api/v1/blockchain/mine - 2024-05-03 14:19:11
GET /api/v1/mine - 2024-05-03 14:19:21
POST /api/v1/mine - 2024-05-03 14:19:34
POST /api/v1/blockchain/mine - 2024-05-03 14:19:41
POST /api/v1/blockchain/mine - 2024-05-03 14:33:51
POST /api/v1/blockchain/mine - 2024-05-03 14:36:05
POST /api/v1/blockchain/mine - 2024-05-03 14:36:29
POST /api/v1/blockchain/mine - 2024-05-03 14:38:15
POST /api/v1/blockchain/mine - 2024-05-03 14:38:49
POST /api/v1/blockchain/mine - 2024-05-03 14:39:49
POST /api/v1/blockchain/mine - 2024-05-04 21:37:39
POST /api/v1/blockchain/mine - 2024-05-04 21:37:47
POST /api/v1/blockchain/mine - 2024-05-04 21:38:37
POST /api/v1/blockchain/mine - 2024-05-04 21:45:18
POST /api/v1/blockchain/mine - 2024-05-04 21:48:18
POST /api/v1/blockchain/mine - 2024-05-04 21:50:35
GET /api/v1/blockchain/ - 2024-05-04 21:53:25
GET /api/v1/blockchain/ - 2024-05-04 21:53:46
POST /api/v1/blockchain/mine - 2024-05-04 21:59:11
POST /api/v1/blockchain/mine - 2024-05-04 22:02:46
